0 info it worked if it ends with ok
1 verbose cli [ 'node', '/usr/local/bin/npm', 'install', 'express', '--save' ]
2 info using npm@1.4.2
3 info using node@v0.10.22
4 verbose readDependencies using package.json deps
5 verbose cache add [ 'express', null ]
6 verbose cache add name=undefined spec="express" args=["express",null]
7 verbose parsed url { protocol: null,
7 verbose parsed url   slashes: null,
7 verbose parsed url   auth: null,
7 verbose parsed url   host: null,
7 verbose parsed url   port: null,
7 verbose parsed url   hostname: null,
7 verbose parsed url   hash: null,
7 verbose parsed url   search: null,
7 verbose parsed url   query: null,
7 verbose parsed url   pathname: 'express',
7 verbose parsed url   path: 'express',
7 verbose parsed url   href: 'express' }
8 silly lockFile f3c62de4-express express
9 verbose lock express /Users/pablodenadai/.npm/f3c62de4-express.lock
10 silly lockFile f3c62de4-express express
11 silly lockFile f3c62de4-express express
12 verbose addNamed [ 'express', '' ]
13 verbose addNamed [ null, '*' ]
14 silly lockFile 64a534c1-express express@
15 verbose lock express@ /Users/pablodenadai/.npm/64a534c1-express.lock
16 silly addNameRange { name: 'express', range: '*', hasData: false }
17 verbose url raw express
18 verbose url resolving [ 'https://registry.npmjs.org/', './express' ]
19 verbose url resolved https://registry.npmjs.org/express
20 info trying registry request attempt 1 at 22:03:17
21 verbose etag "EH1SG5WPZ264AUA6QWDC7BFZC"
22 http GET https://registry.npmjs.org/express
23 info retry will retry, error on last attempt: Error: getaddrinfo ENOTFOUND
24 info trying registry request attempt 2 at 22:03:27
25 verbose etag "EH1SG5WPZ264AUA6QWDC7BFZC"
26 http GET https://registry.npmjs.org/express
27 info retry will retry, error on last attempt: Error: getaddrinfo ENOTFOUND
28 info trying registry request attempt 3 at 22:04:57
29 verbose etag "EH1SG5WPZ264AUA6QWDC7BFZC"
30 http GET https://registry.npmjs.org/express
31 silly registry.get cb [ 304, undefined ]
32 verbose etag express from cache
33 silly addNameRange number 2 { name: 'express', range: '*', hasData: true }
34 silly addNameRange versions [ 'express',
34 silly addNameRange   [ '0.14.0',
34 silly addNameRange     '0.14.1',
34 silly addNameRange     '1.0.0',
34 silly addNameRange     '1.0.1',
34 silly addNameRange     '1.0.2',
34 silly addNameRange     '1.0.3',
34 silly addNameRange     '1.0.4',
34 silly addNameRange     '1.0.5',
34 silly addNameRange     '1.0.6',
34 silly addNameRange     '1.0.7',
34 silly addNameRange     '1.0.8',
34 silly addNameRange     '2.0.0',
34 silly addNameRange     '2.1.0',
34 silly addNameRange     '2.1.1',
34 silly addNameRange     '2.2.0',
34 silly addNameRange     '2.2.1',
34 silly addNameRange     '2.2.2',
34 silly addNameRange     '2.3.0',
34 silly addNameRange     '2.3.1',
34 silly addNameRange     '2.3.2',
34 silly addNameRange     '2.3.3',
34 silly addNameRange     '2.3.4',
34 silly addNameRange     '2.3.5',
34 silly addNameRange     '2.3.6',
34 silly addNameRange     '2.3.7',
34 silly addNameRange     '2.3.8',
34 silly addNameRange     '2.3.9',
34 silly addNameRange     '2.3.10',
34 silly addNameRange     '2.3.11',
34 silly addNameRange     '2.3.12',
34 silly addNameRange     '2.4.0',
34 silly addNameRange     '2.4.1',
34 silly addNameRange     '2.4.2',
34 silly addNameRange     '2.4.3',
34 silly addNameRange     '2.4.4',
34 silly addNameRange     '2.4.5',
34 silly addNameRange     '2.4.6',
34 silly addNameRange     '2.4.7',
34 silly addNameRange     '2.5.0',
34 silly addNameRange     '2.5.1',
34 silly addNameRange     '2.5.2',
34 silly addNameRange     '2.5.3',
34 silly addNameRange     '2.5.4',
34 silly addNameRange     '2.5.5',
34 silly addNameRange     '2.5.6',
34 silly addNameRange     '2.5.7',
34 silly addNameRange     '2.5.8',
34 silly addNameRange     '2.5.9',
34 silly addNameRange     '2.5.10',
34 silly addNameRange     '2.5.11',
34 silly addNameRange     '3.0.0',
34 silly addNameRange     '3.0.1',
34 silly addNameRange     '3.0.2',
34 silly addNameRange     '3.0.3',
34 silly addNameRange     '3.0.4',
34 silly addNameRange     '3.0.5',
34 silly addNameRange     '3.0.6',
34 silly addNameRange     '3.1.0',
34 silly addNameRange     '3.1.1',
34 silly addNameRange     '3.1.2',
34 silly addNameRange     '3.2.0',
34 silly addNameRange     '3.2.1',
34 silly addNameRange     '3.2.2',
34 silly addNameRange     '3.2.3',
34 silly addNameRange     '3.2.4',
34 silly addNameRange     '3.2.5',
34 silly addNameRange     '3.2.6',
34 silly addNameRange     '3.3.0',
34 silly addNameRange     '3.3.1',
34 silly addNameRange     '3.3.2',
34 silly addNameRange     '3.3.3',
34 silly addNameRange     '3.3.4',
34 silly addNameRange     '3.3.5',
34 silly addNameRange     '3.3.6',
34 silly addNameRange     '1.0.0-beta',
34 silly addNameRange     '1.0.0-beta2',
34 silly addNameRange     '1.0.0-rc',
34 silly addNameRange     '1.0.0-rc2',
34 silly addNameRange     '1.0.0-rc3',
34 silly addNameRange     '1.0.0-rc4',
34 silly addNameRange     '2.0.0-beta',
34 silly addNameRange     '2.0.0-beta2',
34 silly addNameRange     '2.0.0-beta3',
34 silly addNameRange     '2.0.0-rc',
34 silly addNameRange     '2.0.0-rc2',
34 silly addNameRange     '2.0.0-rc3',
34 silly addNameRange     '3.0.0-alpha1',
34 silly addNameRange     '3.0.0-alpha2',
34 silly addNameRange     '3.0.0-alpha3',
34 silly addNameRange     '3.0.0-alpha4',
34 silly addNameRange     '3.0.0-alpha5',
34 silly addNameRange     '3.0.0-beta1',
34 silly addNameRange     '3.0.0-beta2',
34 silly addNameRange     '3.0.0-beta3',
34 silly addNameRange     '3.0.0-beta4',
34 silly addNameRange     '3.0.0-beta6',
34 silly addNameRange     '3.0.0-beta7',
34 silly addNameRange     '3.0.0-rc1',
34 silly addNameRange     '3.0.0-rc2',
34 silly addNameRange     '3.0.0-rc3',
34 silly addNameRange     '3.0.0-rc4',
34 silly addNameRange     '3.0.0-rc5',
34 silly addNameRange     '3.3.7',
34 silly addNameRange     '3.3.8',
34 silly addNameRange     '3.4.0',
34 silly addNameRange     '3.4.1',
34 silly addNameRange     '3.4.2',
34 silly addNameRange     '3.4.3',
34 silly addNameRange     '3.4.4',
34 silly addNameRange     '3.4.5',
34 silly addNameRange     '3.4.6',
34 silly addNameRange     '3.4.7',
34 silly addNameRange     '3.4.8',
34 silly addNameRange     '4.0.0-rc1',
34 silly addNameRange     '4.0.0-rc2',
34 silly addNameRange     '3.5.0',
34 silly addNameRange     '4.0.0-rc3',
34 silly addNameRange     '4.0.0-rc4',
34 silly addNameRange     '3.5.1',
34 silly addNameRange     '4.0.0',
34 silly addNameRange     '3.5.2',
34 silly addNameRange     '4.1.0',
34 silly addNameRange     '4.1.1',
34 silly addNameRange     '3.5.3',
34 silly addNameRange     '4.1.2',
34 silly addNameRange     '3.6.0',
34 silly addNameRange     '4.2.0' ] ]
35 verbose addNamed [ 'express', '4.2.0' ]
36 verbose addNamed [ '4.2.0', '4.2.0' ]
37 silly lockFile d8f8835a-express-4-2-0 express@4.2.0
38 verbose lock express@4.2.0 /Users/pablodenadai/.npm/d8f8835a-express-4-2-0.lock
39 silly lockFile 15b056fe-js-org-express-express-4-2-0-tgz https://registry.npmjs.org/express/-/express-4.2.0.tgz
40 verbose lock https://registry.npmjs.org/express/-/express-4.2.0.tgz /Users/pablodenadai/.npm/15b056fe-js-org-express-express-4-2-0-tgz.lock
41 verbose addRemoteTarball [ 'https://registry.npmjs.org/express/-/express-4.2.0.tgz',
41 verbose addRemoteTarball   '3121993a45126693e8bf897aefb4dd783762dc60' ]
42 info retry fetch attempt 1 at 22:05:27
43 verbose fetch to= /var/folders/51/zjkxjczj2c9cj_6l67yrt49w0000gn/T/npm-2902-rYPWMJch/1400846727998-0.750838948180899/tmp.tgz
44 http GET https://registry.npmjs.org/express/-/express-4.2.0.tgz
45 error fetch failed https://registry.npmjs.org/express/-/express-4.2.0.tgz
46 info retry will retry, error on last attempt: Error: getaddrinfo ENOTFOUND
47 info retry fetch attempt 2 at 22:06:08
48 verbose fetch to= /var/folders/51/zjkxjczj2c9cj_6l67yrt49w0000gn/T/npm-2902-rYPWMJch/1400846727998-0.750838948180899/tmp.tgz
49 http GET https://registry.npmjs.org/express/-/express-4.2.0.tgz
50 error fetch failed https://registry.npmjs.org/express/-/express-4.2.0.tgz
51 info retry will retry, error on last attempt: Error: getaddrinfo ENOTFOUND
52 info retry fetch attempt 3 at 22:07:38
53 verbose fetch to= /var/folders/51/zjkxjczj2c9cj_6l67yrt49w0000gn/T/npm-2902-rYPWMJch/1400846727998-0.750838948180899/tmp.tgz
54 http GET https://registry.npmjs.org/express/-/express-4.2.0.tgz
55 error fetch failed https://registry.npmjs.org/express/-/express-4.2.0.tgz
56 silly lockFile 15b056fe-js-org-express-express-4-2-0-tgz https://registry.npmjs.org/express/-/express-4.2.0.tgz
57 silly lockFile 15b056fe-js-org-express-express-4-2-0-tgz https://registry.npmjs.org/express/-/express-4.2.0.tgz
58 silly lockFile d8f8835a-express-4-2-0 express@4.2.0
59 silly lockFile d8f8835a-express-4-2-0 express@4.2.0
60 silly lockFile 64a534c1-express express@
61 silly lockFile 64a534c1-express express@
62 error network getaddrinfo ENOTFOUND
62 error network This is most likely not a problem with npm itself
62 error network and is related to network connectivity.
62 error network In most cases you are behind a proxy or have bad network settings.
62 error network
62 error network If you are behind a proxy, please make sure that the
62 error network 'proxy' config is set properly.  See: 'npm help config'
63 error System Darwin 13.1.0
64 error command "node" "/usr/local/bin/npm" "install" "express" "--save"
65 error cwd /Users/pablodenadai/Documents/Projects/holiday-flags-js
66 error node -v v0.10.22
67 error npm -v 1.4.2
68 error syscall getaddrinfo
69 error code ENOTFOUND
70 error errno ENOTFOUND
71 verbose exit [ 1, true ]
